<?xml version="1.0" encoding="UTF-8"?>
<testsuite xmlns:xsi="http://www.w3.org/2001/XMLSchema-instance" xsi:noNamespaceSchemaLocation="https://maven.apache.org/surefire/maven-surefire-plugin/xsd/surefire-test-report.xsd" name="fr.rohe.tests.StatusTest" time="2.072" tests="1" errors="0" skipped="0" failures="0">
  <properties>
    <property name="java.specification.version" value="13"/>
    <property name="sun.cpu.isalist" value="amd64"/>
    <property name="sun.jnu.encoding" value="Cp1252"/>
    <property name="java.class.path" value="C:\Users\Frenc\Desktop\Eclipse Project\goatbook\target\test-classes;C:\Users\Frenc\Desktop\Eclipse Project\goatbook\target\classes;C:\Users\Frenc\.m2\repository\org\springframework\boot\spring-boot-starter-web\2.2.4.RELEASE\spring-boot-starter-web-2.2.4.RELEASE.jar;C:\Users\Frenc\.m2\repository\org\springframework\boot\spring-boot-starter\2.2.4.RELEASE\spring-boot-starter-2.2.4.RELEASE.jar;C:\Users\Frenc\.m2\repository\org\springframework\boot\spring-boot\2.2.4.RELEASE\spring-boot-2.2.4.RELEASE.jar;C:\Users\Frenc\.m2\repository\org\springframework\boot\spring-boot-autoconfigure\2.2.4.RELEASE\spring-boot-autoconfigure-2.2.4.RELEASE.jar;C:\Users\Frenc\.m2\repository\org\springframework\boot\spring-boot-starter-logging\2.2.4.RELEASE\spring-boot-starter-logging-2.2.4.RELEASE.jar;C:\Users\Frenc\.m2\repository\ch\qos\logback\logback-classic\1.2.3\logback-classic-1.2.3.jar;C:\Users\Frenc\.m2\repository\ch\qos\logback\logback-core\1.2.3\logback-core-1.2.3.jar;C:\Users\Frenc\.m2\repository\org\apache\logging\log4j\log4j-to-slf4j\2.12.1\log4j-to-slf4j-2.12.1.jar;C:\Users\Frenc\.m2\repository\org\apache\logging\log4j\log4j-api\2.12.1\log4j-api-2.12.1.jar;C:\Users\Frenc\.m2\repository\org\slf4j\jul-to-slf4j\1.7.30\jul-to-slf4j-1.7.30.jar;C:\Users\Frenc\.m2\repository\org\yaml\snakeyaml\1.25\snakeyaml-1.25.jar;C:\Users\Frenc\.m2\repository\org\springframework\boot\spring-boot-starter-json\2.2.4.RELEASE\spring-boot-starter-json-2.2.4.RELEASE.jar;C:\Users\Frenc\.m2\repository\com\fasterxml\jackson\core\jackson-databind\2.10.2\jackson-databind-2.10.2.jar;C:\Users\Frenc\.m2\repository\com\fasterxml\jackson\core\jackson-annotations\2.10.2\jackson-annotations-2.10.2.jar;C:\Users\Frenc\.m2\repository\com\fasterxml\jackson\core\jackson-core\2.10.2\jackson-core-2.10.2.jar;C:\Users\Frenc\.m2\repository\com\fasterxml\jackson\datatype\jackson-datatype-jdk8\2.10.2\jackson-datatype-jdk8-2.10.2.jar;C:\Users\Frenc\.m2\repository\com\fasterxml\jackson\datatype\jackson-datatype-jsr310\2.10.2\jackson-datatype-jsr310-2.10.2.jar;C:\Users\Frenc\.m2\repository\com\fasterxml\jackson\module\jackson-module-parameter-names\2.10.2\jackson-module-parameter-names-2.10.2.jar;C:\Users\Frenc\.m2\repository\org\springframework\boot\spring-boot-starter-validation\2.2.4.RELEASE\spring-boot-starter-validation-2.2.4.RELEASE.jar;C:\Users\Frenc\.m2\repository\jakarta\validation\jakarta.validation-api\2.0.2\jakarta.validation-api-2.0.2.jar;C:\Users\Frenc\.m2\repository\org\hibernate\validator\hibernate-validator\6.0.18.Final\hibernate-validator-6.0.18.Final.jar;C:\Users\Frenc\.m2\repository\org\jboss\logging\jboss-logging\3.4.1.Final\jboss-logging-3.4.1.Final.jar;C:\Users\Frenc\.m2\repository\com\fasterxml\classmate\1.5.1\classmate-1.5.1.jar;C:\Users\Frenc\.m2\repository\org\springframework\spring-web\5.2.3.RELEASE\spring-web-5.2.3.RELEASE.jar;C:\Users\Frenc\.m2\repository\org\springframework\spring-beans\5.2.3.RELEASE\spring-beans-5.2.3.RELEASE.jar;C:\Users\Frenc\.m2\repository\org\springframework\spring-webmvc\5.2.3.RELEASE\spring-webmvc-5.2.3.RELEASE.jar;C:\Users\Frenc\.m2\repository\org\springframework\spring-aop\5.2.3.RELEASE\spring-aop-5.2.3.RELEASE.jar;C:\Users\Frenc\.m2\repository\org\springframework\spring-context\5.2.3.RELEASE\spring-context-5.2.3.RELEASE.jar;C:\Users\Frenc\.m2\repository\org\springframework\spring-expression\5.2.3.RELEASE\spring-expression-5.2.3.RELEASE.jar;C:\Users\Frenc\.m2\repository\org\apache\tomcat\embed\tomcat-embed-jasper\9.0.30\tomcat-embed-jasper-9.0.30.jar;C:\Users\Frenc\.m2\repository\org\apache\tomcat\embed\tomcat-embed-core\9.0.30\tomcat-embed-core-9.0.30.jar;C:\Users\Frenc\.m2\repository\org\apache\tomcat\tomcat-annotations-api\9.0.30\tomcat-annotations-api-9.0.30.jar;C:\Users\Frenc\.m2\repository\org\apache\tomcat\embed\tomcat-embed-el\9.0.30\tomcat-embed-el-9.0.30.jar;C:\Users\Frenc\.m2\repository\org\eclipse\jdt\ecj\3.18.0\ecj-3.18.0.jar;C:\Users\Frenc\.m2\repository\org\springframework\boot\spring-boot-starter-tomcat\2.2.4.RELEASE\spring-boot-starter-tomcat-2.2.4.RELEASE.jar;C:\Users\Frenc\.m2\repository\jakarta\annotation\jakarta.annotation-api\1.3.5\jakarta.annotation-api-1.3.5.jar;C:\Users\Frenc\.m2\repository\org\apache\tomcat\embed\tomcat-embed-websocket\9.0.30\tomcat-embed-websocket-9.0.30.jar;C:\Users\Frenc\.m2\repository\org\apache\tiles\tiles-core\3.0.8\tiles-core-3.0.8.jar;C:\Users\Frenc\.m2\repository\org\apache\tiles\tiles-api\3.0.8\tiles-api-3.0.8.jar;C:\Users\Frenc\.m2\repository\org\apache\tiles\tiles-request-api\1.0.7\tiles-request-api-1.0.7.jar;C:\Users\Frenc\.m2\repository\commons-digester\commons-digester\2.0\commons-digester-2.0.jar;C:\Users\Frenc\.m2\repository\commons-beanutils\commons-beanutils\1.8.0\commons-beanutils-1.8.0.jar;C:\Users\Frenc\.m2\repository\org\slf4j\jcl-over-slf4j\1.7.30\jcl-over-slf4j-1.7.30.jar;C:\Users\Frenc\.m2\repository\org\slf4j\slf4j-api\1.7.30\slf4j-api-1.7.30.jar;C:\Users\Frenc\.m2\repository\org\apache\tiles\tiles-jsp\3.0.8\tiles-jsp-3.0.8.jar;C:\Users\Frenc\.m2\repository\org\apache\tiles\tiles-servlet\3.0.8\tiles-servlet-3.0.8.jar;C:\Users\Frenc\.m2\repository\org\apache\tiles\tiles-request-servlet\1.0.7\tiles-request-servlet-1.0.7.jar;C:\Users\Frenc\.m2\repository\org\apache\tiles\tiles-template\3.0.8\tiles-template-3.0.8.jar;C:\Users\Frenc\.m2\repository\org\apache\tiles\tiles-autotag-core-runtime\1.2\tiles-autotag-core-runtime-1.2.jar;C:\Users\Frenc\.m2\repository\org\apache\tiles\tiles-request-jsp\1.0.7\tiles-request-jsp-1.0.7.jar;C:\Users\Frenc\.m2\repository\javax\servlet\jstl\1.2\jstl-1.2.jar;C:\Users\Frenc\.m2\repository\org\springframework\boot\spring-boot-starter-test\2.2.4.RELEASE\spring-boot-starter-test-2.2.4.RELEASE.jar;C:\Users\Frenc\.m2\repository\org\springframework\boot\spring-boot-test\2.2.4.RELEASE\spring-boot-test-2.2.4.RELEASE.jar;C:\Users\Frenc\.m2\repository\org\springframework\boot\spring-boot-test-autoconfigure\2.2.4.RELEASE\spring-boot-test-autoconfigure-2.2.4.RELEASE.jar;C:\Users\Frenc\.m2\repository\com\jayway\jsonpath\json-path\2.4.0\json-path-2.4.0.jar;C:\Users\Frenc\.m2\repository\net\minidev\json-smart\2.3\json-smart-2.3.jar;C:\Users\Frenc\.m2\repository\net\minidev\accessors-smart\1.2\accessors-smart-1.2.jar;C:\Users\Frenc\.m2\repository\org\ow2\asm\asm\5.0.4\asm-5.0.4.jar;C:\Users\Frenc\.m2\repository\jakarta\xml\bind\jakarta.xml.bind-api\2.3.2\jakarta.xml.bind-api-2.3.2.jar;C:\Users\Frenc\.m2\repository\jakarta\activation\jakarta.activation-api\1.2.1\jakarta.activation-api-1.2.1.jar;C:\Users\Frenc\.m2\repository\org\junit\jupiter\junit-jupiter\5.5.2\junit-jupiter-5.5.2.jar;C:\Users\Frenc\.m2\repository\org\junit\jupiter\junit-jupiter-api\5.5.2\junit-jupiter-api-5.5.2.jar;C:\Users\Frenc\.m2\repository\org\opentest4j\opentest4j\1.2.0\opentest4j-1.2.0.jar;C:\Users\Frenc\.m2\repository\org\junit\platform\junit-platform-commons\1.5.2\junit-platform-commons-1.5.2.jar;C:\Users\Frenc\.m2\repository\org\junit\jupiter\junit-jupiter-params\5.5.2\junit-jupiter-params-5.5.2.jar;C:\Users\Frenc\.m2\repository\org\junit\jupiter\junit-jupiter-engine\5.5.2\junit-jupiter-engine-5.5.2.jar;C:\Users\Frenc\.m2\repository\org\junit\vintage\junit-vintage-engine\5.5.2\junit-vintage-engine-5.5.2.jar;C:\Users\Frenc\.m2\repository\org\apiguardian\apiguardian-api\1.1.0\apiguardian-api-1.1.0.jar;C:\Users\Frenc\.m2\repository\org\junit\platform\junit-platform-engine\1.5.2\junit-platform-engine-1.5.2.jar;C:\Users\Frenc\.m2\repository\junit\junit\4.12\junit-4.12.jar;C:\Users\Frenc\.m2\repository\org\mockito\mockito-junit-jupiter\3.1.0\mockito-junit-jupiter-3.1.0.jar;C:\Users\Frenc\.m2\repository\org\assertj\assertj-core\3.13.2\assertj-core-3.13.2.jar;C:\Users\Frenc\.m2\repository\org\hamcrest\hamcrest\2.1\hamcrest-2.1.jar;C:\Users\Frenc\.m2\repository\org\mockito\mockito-core\3.1.0\mockito-core-3.1.0.jar;C:\Users\Frenc\.m2\repository\net\bytebuddy\byte-buddy\1.10.6\byte-buddy-1.10.6.jar;C:\Users\Frenc\.m2\repository\net\bytebuddy\byte-buddy-agent\1.10.6\byte-buddy-agent-1.10.6.jar;C:\Users\Frenc\.m2\repository\org\objenesis\objenesis\2.6\objenesis-2.6.jar;C:\Users\Frenc\.m2\repository\org\skyscreamer\jsonassert\1.5.0\jsonassert-1.5.0.jar;C:\Users\Frenc\.m2\repository\com\vaadin\external\google\android-json\0.0.20131108.vaadin1\android-json-0.0.20131108.vaadin1.jar;C:\Users\Frenc\.m2\repository\org\springframework\spring-core\5.2.3.RELEASE\spring-core-5.2.3.RELEASE.jar;C:\Users\Frenc\.m2\repository\org\springframework\spring-jcl\5.2.3.RELEASE\spring-jcl-5.2.3.RELEASE.jar;C:\Users\Frenc\.m2\repository\org\springframework\spring-test\5.2.3.RELEASE\spring-test-5.2.3.RELEASE.jar;C:\Users\Frenc\.m2\repository\org\xmlunit\xmlunit-core\2.6.3\xmlunit-core-2.6.3.jar;"/>
    <property name="java.vm.vendor" value="Oracle Corporation"/>
    <property name="sun.arch.data.model" value="64"/>
    <property name="user.variant" value=""/>
    <property name="java.vendor.url" value="https://java.oracle.com/"/>
    <property name="user.timezone" value="Europe/Berlin"/>
    <property name="os.name" value="Windows 10"/>
    <property name="java.vm.specification.version" value="13"/>
    <property name="sun.java.launcher" value="SUN_STANDARD"/>
    <property name="user.country" value="DE"/>
    <property name="sun.boot.library.path" value="C:\Program Files\Java\jdk-13.0.2\bin"/>
    <property name="sun.java.command" value="C:\Users\Frenc\AppData\Local\Temp\surefire15770071397475470215\surefirebooter8891879140468770541.jar C:\Users\Frenc\AppData\Local\Temp\surefire15770071397475470215 2020-02-08T13-07-38_335-jvmRun1 surefire16796516040650002743tmp surefire_03391136672941247233tmp"/>
    <property name="jdk.debug" value="release"/>
    <property name="surefire.test.class.path" value="C:\Users\Frenc\Desktop\Eclipse Project\goatbook\target\test-classes;C:\Users\Frenc\Desktop\Eclipse Project\goatbook\target\classes;C:\Users\Frenc\.m2\repository\org\springframework\boot\spring-boot-starter-web\2.2.4.RELEASE\spring-boot-starter-web-2.2.4.RELEASE.jar;C:\Users\Frenc\.m2\repository\org\springframework\boot\spring-boot-starter\2.2.4.RELEASE\spring-boot-starter-2.2.4.RELEASE.jar;C:\Users\Frenc\.m2\repository\org\springframework\boot\spring-boot\2.2.4.RELEASE\spring-boot-2.2.4.RELEASE.jar;C:\Users\Frenc\.m2\repository\org\springframework\boot\spring-boot-autoconfigure\2.2.4.RELEASE\spring-boot-autoconfigure-2.2.4.RELEASE.jar;C:\Users\Frenc\.m2\repository\org\springframework\boot\spring-boot-starter-logging\2.2.4.RELEASE\spring-boot-starter-logging-2.2.4.RELEASE.jar;C:\Users\Frenc\.m2\repository\ch\qos\logback\logback-classic\1.2.3\logback-classic-1.2.3.jar;C:\Users\Frenc\.m2\repository\ch\qos\logback\logback-core\1.2.3\logback-core-1.2.3.jar;C:\Users\Frenc\.m2\repository\org\apache\logging\log4j\log4j-to-slf4j\2.12.1\log4j-to-slf4j-2.12.1.jar;C:\Users\Frenc\.m2\repository\org\apache\logging\log4j\log4j-api\2.12.1\log4j-api-2.12.1.jar;C:\Users\Frenc\.m2\repository\org\slf4j\jul-to-slf4j\1.7.30\jul-to-slf4j-1.7.30.jar;C:\Users\Frenc\.m2\repository\org\yaml\snakeyaml\1.25\snakeyaml-1.25.jar;C:\Users\Frenc\.m2\repository\org\springframework\boot\spring-boot-starter-json\2.2.4.RELEASE\spring-boot-starter-json-2.2.4.RELEASE.jar;C:\Users\Frenc\.m2\repository\com\fasterxml\jackson\core\jackson-databind\2.10.2\jackson-databind-2.10.2.jar;C:\Users\Frenc\.m2\repository\com\fasterxml\jackson\core\jackson-annotations\2.10.2\jackson-annotations-2.10.2.jar;C:\Users\Frenc\.m2\repository\com\fasterxml\jackson\core\jackson-core\2.10.2\jackson-core-2.10.2.jar;C:\Users\Frenc\.m2\repository\com\fasterxml\jackson\datatype\jackson-datatype-jdk8\2.10.2\jackson-datatype-jdk8-2.10.2.jar;C:\Users\Frenc\.m2\repository\com\fasterxml\jackson\datatype\jackson-datatype-jsr310\2.10.2\jackson-datatype-jsr310-2.10.2.jar;C:\Users\Frenc\.m2\repository\com\fasterxml\jackson\module\jackson-module-parameter-names\2.10.2\jackson-module-parameter-names-2.10.2.jar;C:\Users\Frenc\.m2\repository\org\springframework\boot\spring-boot-starter-validation\2.2.4.RELEASE\spring-boot-starter-validation-2.2.4.RELEASE.jar;C:\Users\Frenc\.m2\repository\jakarta\validation\jakarta.validation-api\2.0.2\jakarta.validation-api-2.0.2.jar;C:\Users\Frenc\.m2\repository\org\hibernate\validator\hibernate-validator\6.0.18.Final\hibernate-validator-6.0.18.Final.jar;C:\Users\Frenc\.m2\repository\org\jboss\logging\jboss-logging\3.4.1.Final\jboss-logging-3.4.1.Final.jar;C:\Users\Frenc\.m2\repository\com\fasterxml\classmate\1.5.1\classmate-1.5.1.jar;C:\Users\Frenc\.m2\repository\org\springframework\spring-web\5.2.3.RELEASE\spring-web-5.2.3.RELEASE.jar;C:\Users\Frenc\.m2\repository\org\springframework\spring-beans\5.2.3.RELEASE\spring-beans-5.2.3.RELEASE.jar;C:\Users\Frenc\.m2\repository\org\springframework\spring-webmvc\5.2.3.RELEASE\spring-webmvc-5.2.3.RELEASE.jar;C:\Users\Frenc\.m2\repository\org\springframework\spring-aop\5.2.3.RELEASE\spring-aop-5.2.3.RELEASE.jar;C:\Users\Frenc\.m2\repository\org\springframework\spring-context\5.2.3.RELEASE\spring-context-5.2.3.RELEASE.jar;C:\Users\Frenc\.m2\repository\org\springframework\spring-expression\5.2.3.RELEASE\spring-expression-5.2.3.RELEASE.jar;C:\Users\Frenc\.m2\repository\org\apache\tomcat\embed\tomcat-embed-jasper\9.0.30\tomcat-embed-jasper-9.0.30.jar;C:\Users\Frenc\.m2\repository\org\apache\tomcat\embed\tomcat-embed-core\9.0.30\tomcat-embed-core-9.0.30.jar;C:\Users\Frenc\.m2\repository\org\apache\tomcat\tomcat-annotations-api\9.0.30\tomcat-annotations-api-9.0.30.jar;C:\Users\Frenc\.m2\repository\org\apache\tomcat\embed\tomcat-embed-el\9.0.30\tomcat-embed-el-9.0.30.jar;C:\Users\Frenc\.m2\repository\org\eclipse\jdt\ecj\3.18.0\ecj-3.18.0.jar;C:\Users\Frenc\.m2\repository\org\springframework\boot\spring-boot-starter-tomcat\2.2.4.RELEASE\spring-boot-starter-tomcat-2.2.4.RELEASE.jar;C:\Users\Frenc\.m2\repository\jakarta\annotation\jakarta.annotation-api\1.3.5\jakarta.annotation-api-1.3.5.jar;C:\Users\Frenc\.m2\repository\org\apache\tomcat\embed\tomcat-embed-websocket\9.0.30\tomcat-embed-websocket-9.0.30.jar;C:\Users\Frenc\.m2\repository\org\apache\tiles\tiles-core\3.0.8\tiles-core-3.0.8.jar;C:\Users\Frenc\.m2\repository\org\apache\tiles\tiles-api\3.0.8\tiles-api-3.0.8.jar;C:\Users\Frenc\.m2\repository\org\apache\tiles\tiles-request-api\1.0.7\tiles-request-api-1.0.7.jar;C:\Users\Frenc\.m2\repository\commons-digester\commons-digester\2.0\commons-digester-2.0.jar;C:\Users\Frenc\.m2\repository\commons-beanutils\commons-beanutils\1.8.0\commons-beanutils-1.8.0.jar;C:\Users\Frenc\.m2\repository\org\slf4j\jcl-over-slf4j\1.7.30\jcl-over-slf4j-1.7.30.jar;C:\Users\Frenc\.m2\repository\org\slf4j\slf4j-api\1.7.30\slf4j-api-1.7.30.jar;C:\Users\Frenc\.m2\repository\org\apache\tiles\tiles-jsp\3.0.8\tiles-jsp-3.0.8.jar;C:\Users\Frenc\.m2\repository\org\apache\tiles\tiles-servlet\3.0.8\tiles-servlet-3.0.8.jar;C:\Users\Frenc\.m2\repository\org\apache\tiles\tiles-request-servlet\1.0.7\tiles-request-servlet-1.0.7.jar;C:\Users\Frenc\.m2\repository\org\apache\tiles\tiles-template\3.0.8\tiles-template-3.0.8.jar;C:\Users\Frenc\.m2\repository\org\apache\tiles\tiles-autotag-core-runtime\1.2\tiles-autotag-core-runtime-1.2.jar;C:\Users\Frenc\.m2\repository\org\apache\tiles\tiles-request-jsp\1.0.7\tiles-request-jsp-1.0.7.jar;C:\Users\Frenc\.m2\repository\javax\servlet\jstl\1.2\jstl-1.2.jar;C:\Users\Frenc\.m2\repository\org\springframework\boot\spring-boot-starter-test\2.2.4.RELEASE\spring-boot-starter-test-2.2.4.RELEASE.jar;C:\Users\Frenc\.m2\repository\org\springframework\boot\spring-boot-test\2.2.4.RELEASE\spring-boot-test-2.2.4.RELEASE.jar;C:\Users\Frenc\.m2\repository\org\springframework\boot\spring-boot-test-autoconfigure\2.2.4.RELEASE\spring-boot-test-autoconfigure-2.2.4.RELEASE.jar;C:\Users\Frenc\.m2\repository\com\jayway\jsonpath\json-path\2.4.0\json-path-2.4.0.jar;C:\Users\Frenc\.m2\repository\net\minidev\json-smart\2.3\json-smart-2.3.jar;C:\Users\Frenc\.m2\repository\net\minidev\accessors-smart\1.2\accessors-smart-1.2.jar;C:\Users\Frenc\.m2\repository\org\ow2\asm\asm\5.0.4\asm-5.0.4.jar;C:\Users\Frenc\.m2\repository\jakarta\xml\bind\jakarta.xml.bind-api\2.3.2\jakarta.xml.bind-api-2.3.2.jar;C:\Users\Frenc\.m2\repository\jakarta\activation\jakarta.activation-api\1.2.1\jakarta.activation-api-1.2.1.jar;C:\Users\Frenc\.m2\repository\org\junit\jupiter\junit-jupiter\5.5.2\junit-jupiter-5.5.2.jar;C:\Users\Frenc\.m2\repository\org\junit\jupiter\junit-jupiter-api\5.5.2\junit-jupiter-api-5.5.2.jar;C:\Users\Frenc\.m2\repository\org\opentest4j\opentest4j\1.2.0\opentest4j-1.2.0.jar;C:\Users\Frenc\.m2\repository\org\junit\platform\junit-platform-commons\1.5.2\junit-platform-commons-1.5.2.jar;C:\Users\Frenc\.m2\repository\org\junit\jupiter\junit-jupiter-params\5.5.2\junit-jupiter-params-5.5.2.jar;C:\Users\Frenc\.m2\repository\org\junit\jupiter\junit-jupiter-engine\5.5.2\junit-jupiter-engine-5.5.2.jar;C:\Users\Frenc\.m2\repository\org\junit\vintage\junit-vintage-engine\5.5.2\junit-vintage-engine-5.5.2.jar;C:\Users\Frenc\.m2\repository\org\apiguardian\apiguardian-api\1.1.0\apiguardian-api-1.1.0.jar;C:\Users\Frenc\.m2\repository\org\junit\platform\junit-platform-engine\1.5.2\junit-platform-engine-1.5.2.jar;C:\Users\Frenc\.m2\repository\junit\junit\4.12\junit-4.12.jar;C:\Users\Frenc\.m2\repository\org\mockito\mockito-junit-jupiter\3.1.0\mockito-junit-jupiter-3.1.0.jar;C:\Users\Frenc\.m2\repository\org\assertj\assertj-core\3.13.2\assertj-core-3.13.2.jar;C:\Users\Frenc\.m2\repository\org\hamcrest\hamcrest\2.1\hamcrest-2.1.jar;C:\Users\Frenc\.m2\repository\org\mockito\mockito-core\3.1.0\mockito-core-3.1.0.jar;C:\Users\Frenc\.m2\repository\net\bytebuddy\byte-buddy\1.10.6\byte-buddy-1.10.6.jar;C:\Users\Frenc\.m2\repository\net\bytebuddy\byte-buddy-agent\1.10.6\byte-buddy-agent-1.10.6.jar;C:\Users\Frenc\.m2\repository\org\objenesis\objenesis\2.6\objenesis-2.6.jar;C:\Users\Frenc\.m2\repository\org\skyscreamer\jsonassert\1.5.0\jsonassert-1.5.0.jar;C:\Users\Frenc\.m2\repository\com\vaadin\external\google\android-json\0.0.20131108.vaadin1\android-json-0.0.20131108.vaadin1.jar;C:\Users\Frenc\.m2\repository\org\springframework\spring-core\5.2.3.RELEASE\spring-core-5.2.3.RELEASE.jar;C:\Users\Frenc\.m2\repository\org\springframework\spring-jcl\5.2.3.RELEASE\spring-jcl-5.2.3.RELEASE.jar;C:\Users\Frenc\.m2\repository\org\springframework\spring-test\5.2.3.RELEASE\spring-test-5.2.3.RELEASE.jar;C:\Users\Frenc\.m2\repository\org\xmlunit\xmlunit-core\2.6.3\xmlunit-core-2.6.3.jar;"/>
    <property name="sun.cpu.endian" value="little"/>
    <property name="user.home" value="C:\Users\Frenc"/>
    <property name="user.language" value="de"/>
    <property name="java.specification.vendor" value="Oracle Corporation"/>
    <property name="java.version.date" value="2020-01-14"/>
    <property name="java.home" value="C:\Program Files\Java\jdk-13.0.2"/>
    <property name="file.separator" value="\"/>
    <property name="basedir" value="C:\Users\Frenc\Desktop\Eclipse Project\goatbook"/>
    <property name="java.vm.compressedOopsMode" value="Zero based"/>
    <property name="line.separator" value="&#10;"/>
    <property name="java.vm.specification.vendor" value="Oracle Corporation"/>
    <property name="java.specification.name" value="Java Platform API Specification"/>
    <property name="surefire.real.class.path" value="C:\Users\Frenc\AppData\Local\Temp\surefire15770071397475470215\surefirebooter8891879140468770541.jar"/>
    <property name="user.script" value=""/>
    <property name="sun.management.compiler" value="HotSpot 64-Bit Tiered Compilers"/>
    <property name="java.runtime.version" value="13.0.2+8"/>
    <property name="user.name" value="Frenc"/>
    <property name="path.separator" value=";"/>
    <property name="os.version" value="10.0"/>
    <property name="java.runtime.name" value="Java(TM) SE Runtime Environment"/>
    <property name="file.encoding" value="Cp1252"/>
    <property name="java.vm.name" value="Java HotSpot(TM) 64-Bit Server VM"/>
    <property name="localRepository" value="C:\Users\Frenc\.m2\repository"/>
    <property name="java.vendor.url.bug" value="https://bugreport.java.com/bugreport/"/>
    <property name="java.io.tmpdir" value="C:\Users\Frenc\AppData\Local\Temp\"/>
    <property name="java.version" value="13.0.2"/>
    <property name="user.dir" value="C:\Users\Frenc\Desktop\Eclipse Project\goatbook"/>
    <property name="os.arch" value="amd64"/>
    <property name="java.vm.specification.name" value="Java Virtual Machine Specification"/>
    <property name="sun.os.patch.level" value=""/>
    <property name="java.library.path" value="C:\Program Files\Java\jdk-13.0.2\bin;C:\windows\Sun\Java\bin;C:\windows\system32;C:\windows;C:/Program Files/Java/jdk-13.0.2/bin/server;C:/Program Files/Java/jdk-13.0.2/bin;c:\Program Files (x86)\Common Files\Intel\Shared Libraries\redist\intel64_win\compiler;C:\Program Files\Java\jdk-13.0.2\bin;C:\windows\system32;C:\windows;C:\windows\System32\Wbem;C:\windows\System32\WindowsPowerShell\v1.0\;C:\windows\System32\OpenSSH\;C:\Program Files (x86)\Intel\Intel(R) Management Engine Components\DAL;C:\Program Files\Intel\Intel(R) Management Engine Components\DAL;C:\Program Files (x86)\NVIDIA Corporation\PhysX\Common;C:\Program Files\NVIDIA Corporation\NVIDIA NvDLISR;C:\Program Files\Git\cmd;C:\Program Files\nodejs\;C:\Users\Frenc\Desktop\Eclipse Project\apache-maven-3.6.3\bin;C:\Users\Frenc\AppData\Local\Microsoft\WindowsApps;;C:\Users\Frenc\AppData\Local\Programs\Microsoft VS Code\bin;C:\Users\Frenc\AppData\Roaming\npm;C:\windows\system32;;."/>
    <property name="java.vm.info" value="mixed mode, sharing"/>
    <property name="java.vendor" value="Oracle Corporation"/>
    <property name="java.vm.version" value="13.0.2+8"/>
    <property name="sun.io.unicode.encoding" value="UnicodeLittle"/>
    <property name="java.class.version" value="57.0"/>
  </properties>
  <testcase name="testDummy" classname="fr.rohe.tests.StatusTest" time="0.222"/>
</testsuite>